[debug] [2020-05-01T10:12:06.958Z] ----------------------------------------------------------------------
[debug] [2020-05-01T10:12:06.961Z] Command:       C:\Program Files\nodejs\node.exe C:\Users\savan\AppData\Roaming\npm\node_modules\firebase-tools\lib\bin\firebase.js serve
[debug] [2020-05-01T10:12:06.961Z] CLI Version:   7.12.1
[debug] [2020-05-01T10:12:06.961Z] Platform:      win32
[debug] [2020-05-01T10:12:06.961Z] Node Version:  v13.10.1
[debug] [2020-05-01T10:12:06.962Z] Time:          Fri May 01 2020 15:42:06 GMT+0530 (India Standard Time)
[debug] [2020-05-01T10:12:06.963Z] ----------------------------------------------------------------------
[debug] [2020-05-01T10:12:06.963Z] 
[debug] [2020-05-01T10:12:06.975Z] > command requires scopes: ["email","openid","https://www.googleapis.com/auth/cloudplatformprojects.readonly","https://www.googleapis.com/auth/firebase","https://www.googleapis.com/auth/cloud-platform"]
[debug] [2020-05-01T10:12:06.976Z] > authorizing via signed-in user
[debug] [2020-05-01T10:12:06.976Z] [iam] checking project giv-web for permissions ["firebase.projects.get"]
[debug] [2020-05-01T10:12:06.978Z] > refreshing access token with scopes: ["email","https://www.googleapis.com/auth/cloud-platform","https://www.googleapis.com/auth/cloudplatformprojects.readonly","https://www.googleapis.com/auth/firebase","openid"]
[debug] [2020-05-01T10:12:06.978Z] >>> HTTP REQUEST POST https://www.googleapis.com/oauth2/v3/token  
 <request body omitted>
[debug] [2020-05-01T10:12:07.504Z] <<< HTTP RESPONSE 200
[debug] [2020-05-01T10:12:07.546Z] >>> HTTP REQUEST POST https://cloudresourcemanager.googleapis.com/v1/projects/giv-web:testIamPermissions  

[debug] [2020-05-01T10:12:09.735Z] <<< HTTP RESPONSE 200
[debug] [2020-05-01T10:12:09.738Z] >>> HTTP REQUEST GET https://firebase.googleapis.com/v1beta1/projects/giv-web  
 
[debug] [2020-05-01T10:12:10.879Z] <<< HTTP RESPONSE 200
[info] 
[info] === Serving from 'C:\Simica\Git-Givetastic\Giv-Web'...
[info] 
[debug] [2020-05-01T10:12:10.886Z] >>> HTTP REQUEST GET https://firebase.googleapis.com/v1beta1/projects/giv-web/webApps/-/config  
 
[debug] [2020-05-01T10:12:12.509Z] <<< HTTP RESPONSE 200
[info] i  hosting: Serving hosting files from: public
[info] +  hosting: Local server: http://localhost:5000
[debug] [2020-05-02T06:10:16.491Z] ----------------------------------------------------------------------
[debug] [2020-05-02T06:10:16.495Z] Command:       C:\Program Files\nodejs\node.exe C:\Users\savan\AppData\Roaming\npm\node_modules\firebase-tools\lib\bin\firebase.js serve
[debug] [2020-05-02T06:10:16.495Z] CLI Version:   7.12.1
[debug] [2020-05-02T06:10:16.495Z] Platform:      win32
[debug] [2020-05-02T06:10:16.496Z] Node Version:  v13.10.1
[debug] [2020-05-02T06:10:16.498Z] Time:          Sat May 02 2020 11:40:16 GMT+0530 (India Standard Time)
[debug] [2020-05-02T06:10:16.498Z] ----------------------------------------------------------------------
[debug] [2020-05-02T06:10:16.498Z] 
[debug] [2020-05-02T06:10:16.511Z] > command requires scopes: ["email","openid","https://www.googleapis.com/auth/cloudplatformprojects.readonly","https://www.googleapis.com/auth/firebase","https://www.googleapis.com/auth/cloud-platform"]
[debug] [2020-05-02T06:10:16.511Z] > authorizing via signed-in user
[debug] [2020-05-02T06:10:16.511Z] [iam] checking project giv-web for permissions ["firebase.projects.get"]
[debug] [2020-05-02T06:10:16.512Z] > refreshing access token with scopes: ["email","https://www.googleapis.com/auth/cloud-platform","https://www.googleapis.com/auth/cloudplatformprojects.readonly","https://www.googleapis.com/auth/firebase","openid"]
[debug] [2020-05-02T06:10:16.513Z] >>> HTTP REQUEST POST https://www.googleapis.com/oauth2/v3/token  
 <request body omitted>
[debug] [2020-05-02T06:10:17.151Z] <<< HTTP RESPONSE 200
[debug] [2020-05-02T06:10:17.217Z] >>> HTTP REQUEST POST https://cloudresourcemanager.googleapis.com/v1/projects/giv-web:testIamPermissions  

[debug] [2020-05-02T06:10:19.550Z] <<< HTTP RESPONSE 200
[debug] [2020-05-02T06:10:19.553Z] >>> HTTP REQUEST GET https://firebase.googleapis.com/v1beta1/projects/giv-web  
 
[debug] [2020-05-02T06:10:20.492Z] <<< HTTP RESPONSE 200
[info] 
[info] === Serving from 'C:\Simica\Git-Givetastic\Giv-Web'...
[info] 
[debug] [2020-05-02T06:10:20.499Z] >>> HTTP REQUEST GET https://firebase.googleapis.com/v1beta1/projects/giv-web/webApps/-/config  
 
[debug] [2020-05-02T06:10:22.163Z] <<< HTTP RESPONSE 200
[info] i  hosting: Serving hosting files from: public
[info] +  hosting: Local server: http://localhost:5000
